Aug 29 13:01:00 netcrackerdb-env-01 TOPWAIT: RBMDB 1 0 .03 0 0 0 0 0 0 0 0 0 0 0 0 0
Aug 29 13:01:00 netcrackerdb-env-01 USERSESSION: RBMDB 1 NOUSER netcrackerdb-env-01 ACTIVE 2
Aug 29 13:02:12 netcrackerdb-env-01 SQLSTAT: RBMDB 1 0nvrp3d6qb10h 4254883146 91 0 2 0 88000 112320 0 0 0 41 91
Aug 29 13:02:12 netcrackerdb-env-01 SQLSTAT: RBMDB 1 g0brtug289y1g 3524060705 841 0 9 0 480000 1415011 0 0 0 140 0
Aug 29 13:02:12 netcrackerdb-env-01 SQLSTAT: RBMDB 1 1xffp2kck8sbb 2419882238 5 0 0 0 520000 560707 0 0 0 0 8
Aug 29 13:02:12 netcrackerdb-env-01 SQLSTAT: RBMDB 1 2afh4r7z1rfv6 180931952 12 0 2 0 52000 98270 0 0 0 38 348
Aug 29 13:02:12 netcrackerdb-env-01 SQLSTAT: RBMDB 1 32qq8k1n8ynn9 3150171470 180 0 0 0 2900000 3077496 0 0 0 0 180
Aug 29 13:02:12 netcrackerdb-env-01 SQLSTAT: RBMDB 1 357cru8xpxh55 3161201770 2337 0 43 0 10564000 11004956 0 0 0 12376 0
Aug 29 13:02:12 netcrackerdb-env-01 SQLSTAT: RBMDB 1 3uv838yxc0z3t 0 46 0 181 0 5592000 6017877 0 0 0 23796 32
Aug 29 13:02:12 netcrackerdb-env-01 SQLSTAT: RBMDB 1 5yv7yvjgjxugg 3429127057 32474 0 45 0 14276000 26880215 0 153 0 962 0
Aug 29 13:02:12 netcrackerdb-env-01 SQLSTAT: RBMDB 1 6t4ysp0gpsp33 1388734953 350327 0 0 0 3432000 26278518 0 0 0 0 350327
Aug 29 13:02:12 netcrackerdb-env-01 SQLSTAT: RBMDB 1 71rqmw80jcqcw 4195603884 12 0 2 0 172000 285121 0 0 0 54 4716
Aug 29 13:02:12 netcrackerdb-env-01 SQLSTAT: RBMDB 1 88q587qyrvp91 1657545265 2337 0 0 0 1612000 2196335 0 0 0 0 0
Aug 29 13:02:12 netcrackerdb-env-01 SQLSTAT: RBMDB 1 8gnjy50gxbwnc 0 119 0 58 0 96000 148052 0 0 0 1132 18
Aug 29 13:02:12 netcrackerdb-env-01 SQLSTAT: RBMDB 1 8tvc3pcbg8pt3 3387071503 22500 0 5 0 2328000 9335573 0 0 0 258 229
Aug 29 13:02:12 netcrackerdb-env-01 SQLSTAT: RBMDB 1 adzjh275fvvx4 0 2 0 16 0 80000 95726 0 4306 0 350 0
Aug 29 13:02:12 netcrackerdb-env-01 SQLSTAT: RBMDB 1 aykvshm7zsabd 1829585422 32474 0 27 0 128492000 133452352 0 147 0 593 681952
Aug 29 13:02:12 netcrackerdb-env-01 SQLSTAT: RBMDB 1 bdy2gkhfy3bdr 3863626276 498 0 4 0 40000 29108 0 0 0 63 498
Aug 29 13:02:12 netcrackerdb-env-01 SQLSTAT: RBMDB 1 bkq9pjcfvm9vn 3959570283 21177 0 0 0 8964000 9998460 0 0 0 0 91182
Aug 29 13:02:12 netcrackerdb-env-01 SQLSTAT: RBMDB 1 bwn2y9615928u 1990518996 49 0 3 0 64000 55905 0 0 0 76 49
Aug 29 13:02:12 netcrackerdb-env-01 SQLSTAT: RBMDB 1 c96x1j3nt4suf 2202835498 441 0 0 0 28000 92223 0 0 0 0 0
Aug 29 13:02:12 netcrackerdb-env-01 SQLSTAT: RBMDB 1 ccxf64w099f8f 2088578260 17 0 0 0 1092000 1326981 0 0 0 0 17
Aug 29 13:02:12 netcrackerdb-env-01 SQLSTAT: RBMDB 1 d22ar1udfmkpn 1344036922 32 0 2 0 12000 10487 0 0 0 25 32
Aug 29 13:02:12 netcrackerdb-env-01 SQLSTAT: RBMDB 1 d9vzav10pcpfh 38951289 675 0 3 0 1392000 1649043 0 229 0 170 675
Aug 29 13:02:12 netcrackerdb-env-01 SQLSTAT: RBMDB 1 dhx7pphcbfhns 0 91 0 14 0 24000 47018 0 0 0 19603 91
Aug 29 13:02:12 netcrackerdb-env-01 SQLSTAT: RBMDB 1 fuws5bqghb2qh 3489237019 2337 0 0 0 5204000 5869893 0 2086 0 0 0
Aug 29 13:02:12 netcrackerdb-env-01 SQLSTAT: RBMDB 1 1pt5y3xghfyfd 3186767303 17 0 0 0 1160000 1322126 0 0 0 0 51
Aug 29 13:01:00 netcrackerdb-env-01 SESSIONCOUNT: RBMDB 1 2
Aug 29 13:02:10 netcrackerdb-env-01 SESSIONCOUNT: RBMDB 1 1
